<?xml version="1.0" encoding="UTF-8" ?>
<testsuite tests="3" failures="0" name="zhangxiaoyu.FileUtil.FileUtilTest" time="0.002" errors="0" skipped="0">
  <properties>
[...]
</properties>
  <testcase classname="zhangxiaoyu.FileUtil.FileUtilTest" name="zhangxiaoyu.FileUtil.FileUtilTest.testGetTempDirectory" time="0"/>
  <testcase classname="zhangxiaoyu.FileUtil.FileUtilTest" name="zhangxiaoyu.FileUtil.FileUtilTest.testGetUserDirectory" time="0"/>
  <testcase classname="zhangxiaoyu.FileUtil.FileUtilTest" name="zhangxiaoyu.FileUtil.FileUtilTest.testGetExtendName" time="0.002"/>
</testsuite>